<?xml version="1.0" encoding="UTF-8"?>
<testng-results skipped="0" failed="0" ignored="0" total="1" passed="1">
  <reporter-output>
  </reporter-output>
  <suite name="Default suite" duration-ms="18503" started-at="2018-02-11T09:47:00Z" finished-at="2018-02-11T09:47:19Z">
    <groups>
    </groups>
    <test name="Default test" duration-ms="18503" started-at="2018-02-11T09:47:00Z" finished-at="2018-02-11T09:47:19Z">
      <class name="testcases.TestA">
        <test-method status="PASS" signature="doLogin()[pri:0, instance:testcases.TestA@675d3402]" name="doLogin" duration-ms="18475" started-at="2018-02-11T15:17:00Z" finished-at="2018-02-11T15:17:19Z">
          <reporter-output>
          </reporter-output>
        </test-method> <!-- doLogin -->
      </class> <!-- testcases.TestA -->
    </test> <!-- Default test -->
  </suite> <!-- Default suite -->
</testng-results>
